2025-04-05 23:53:18 - INFO - Démarrage de l'import initial des données PMU
2025-04-05 23:53:18 - INFO - Collecte des données du 2025-01-05 au 2025-04-05
2025-04-05 23:53:18 - DEBUG - Attempting to call API for 05012025, R1
2025-04-05 23:53:19 - DEBUG - Response 200 for reunions [1] on 2025-01-05 23:53:18.515111
2025-04-05 23:53:19 - ERROR - Erreur lors de l'import initial des données: 'date_heure'
2025-04-05 23:55:39 - INFO - Démarrage de l'import initial des données PMU
2025-04-05 23:55:39 - INFO - Collecte des données du 2025-01-05 au 2025-04-05
2025-04-05 23:55:39 - DEBUG - Attempting to call API for 05012025, R1
2025-04-05 23:55:45 - DEBUG - Response 200 for reunions [1] on 2025-01-05 23:55:39.693233
2025-04-05 23:55:45 - ERROR - Erreur lors de l'import initial des données: 'date_heure'
2025-04-06 00:00:56 - INFO - Démarrage de l'import initial des données PMU
2025-04-06 00:00:56 - INFO - Collecte des données du 2025-01-06 au 2025-04-06
2025-04-06 00:00:56 - DEBUG - Attempting to call API for 06012025, R1
2025-04-06 00:01:01 - DEBUG - Response 200 for reunions [1] on 2025-01-06 00:00:56.029236
2025-04-06 00:01:01 - ERROR - Error saving course: Entity namespace for "pmu_courses" has no property "num_course"
2025-04-06 00:01:01 - ERROR - Error saving course: Entity namespace for "pmu_courses" has no property "num_course"
2025-04-06 00:01:01 - ERROR - Error saving course: Entity namespace for "pmu_courses" has no property "num_course"
2025-04-06 00:01:01 - ERROR - Error saving course: Entity namespace for "pmu_courses" has no property "num_course"
2025-04-06 00:01:01 - ERROR - Error saving course: Entity namespace for "pmu_courses" has no property "num_course"
2025-04-06 00:01:01 - ERROR - Error saving course: Entity namespace for "pmu_courses" has no property "num_course"
2025-04-06 00:01:01 - ERROR - Error saving course: Entity namespace for "pmu_courses" has no property "num_course"
2025-04-06 00:01:01 - ERROR - Error saving course: Entity namespace for "pmu_courses" has no property "num_course"
2025-04-06 00:01:01 - DEBUG - Fetching participants for 06012025R1C1
2025-04-06 00:01:02 - ERROR - Course not found in saved data: 06012025R1C1
2025-04-06 00:01:02 - DEBUG - Fetching participants for 06012025R1C2
2025-04-06 00:01:02 - ERROR - Course not found in saved data: 06012025R1C2
2025-04-06 00:01:02 - DEBUG - Fetching participants for 06012025R1C3
2025-04-06 00:01:03 - ERROR - Course not found in saved data: 06012025R1C3
2025-04-06 00:01:03 - DEBUG - Fetching participants for 06012025R1C4
2025-04-06 00:01:04 - ERROR - Course not found in saved data: 06012025R1C4
2025-04-06 00:01:04 - DEBUG - Fetching participants for 06012025R1C5
2025-04-06 00:01:04 - ERROR - Course not found in saved data: 06012025R1C5
2025-04-06 00:01:04 - DEBUG - Fetching participants for 06012025R1C6
2025-04-06 00:01:05 - ERROR - Course not found in saved data: 06012025R1C6
2025-04-06 00:01:05 - DEBUG - Fetching participants for 06012025R1C7
2025-04-06 00:01:05 - ERROR - Course not found in saved data: 06012025R1C7
2025-04-06 00:01:05 - DEBUG - Fetching participants for 06012025R1C8
2025-04-06 00:01:06 - ERROR - Course not found in saved data: 06012025R1C8
2025-04-06 00:01:06 - DEBUG - Attempting to call API for 06012025, R2
2025-04-06 00:01:12 - DEBUG - Response 200 for reunions [2] on 2025-01-06 00:00:56.029236
2025-04-06 00:01:12 - ERROR - Error saving course: Entity namespace for "pmu_courses" has no property "num_course"
2025-04-06 00:01:12 - ERROR - Error saving course: Entity namespace for "pmu_courses" has no property "num_course"
2025-04-06 00:01:12 - ERROR - Error saving course: Entity namespace for "pmu_courses" has no property "num_course"
2025-04-06 00:01:12 - ERROR - Error saving course: Entity namespace for "pmu_courses" has no property "num_course"
2025-04-06 00:01:12 - ERROR - Error saving course: Entity namespace for "pmu_courses" has no property "num_course"
2025-04-06 00:01:12 - DEBUG - Fetching participants for 06012025R2C1
2025-04-06 00:01:12 - ERROR - Course not found in saved data: 06012025R2C1
2025-04-06 00:01:12 - DEBUG - Fetching participants for 06012025R2C2
2025-04-06 00:01:13 - ERROR - Course not found in saved data: 06012025R2C2
2025-04-06 00:01:13 - DEBUG - Fetching participants for 06012025R2C3
2025-04-06 00:01:13 - ERROR - Course not found in saved data: 06012025R2C3
2025-04-06 00:01:13 - DEBUG - Fetching participants for 06012025R2C4
2025-04-06 00:01:14 - ERROR - Course not found in saved data: 06012025R2C4
2025-04-06 00:01:14 - DEBUG - Fetching participants for 06012025R2C5
2025-04-06 00:01:14 - ERROR - Course not found in saved data: 06012025R2C5
2025-04-06 00:01:14 - DEBUG - Attempting to call API for 06012025, R3
2025-04-06 00:01:15 - DEBUG - Response 200 for reunions [3] on 2025-01-06 00:00:56.029236
2025-04-06 00:01:15 - ERROR - Error saving course: Entity namespace for "pmu_courses" has no property "num_course"
2025-04-06 00:01:15 - ERROR - Error saving course: Entity namespace for "pmu_courses" has no property "num_course"
2025-04-06 00:01:15 - ERROR - Error saving course: Entity namespace for "pmu_courses" has no property "num_course"
2025-04-06 00:01:15 - ERROR - Error saving course: Entity namespace for "pmu_courses" has no property "num_course"
2025-04-06 00:01:15 - ERROR - Error saving course: Entity namespace for "pmu_courses" has no property "num_course"
2025-04-06 00:01:15 - ERROR - Error saving course: Entity namespace for "pmu_courses" has no property "num_course"
2025-04-06 00:01:15 - ERROR - Error saving course: Entity namespace for "pmu_courses" has no property "num_course"
2025-04-06 00:01:15 - ERROR - Error saving course: Entity namespace for "pmu_courses" has no property "num_course"
2025-04-06 00:01:15 - DEBUG - Fetching participants for 06012025R3C1
2025-04-06 00:01:15 - ERROR - Course not found in saved data: 06012025R3C1
2025-04-06 00:01:15 - DEBUG - Fetching participants for 06012025R3C2
2025-04-06 00:24:27 - INFO - Démarrage de l'import initial des données PMU
2025-04-06 00:24:27 - INFO - Collecte des données du 2025-01-06 au 2025-04-06
2025-04-06 00:24:27 - DEBUG - Attempting to call API for 06012025, R1
2025-04-06 00:24:32 - DEBUG - Response 200 for reunions [1] on 2025-01-06 00:24:27.076561
2025-04-06 00:24:33 - INFO - Saving pays data
2025-04-06 00:24:33 - INFO - Saving hippodrome data
2025-04-06 00:24:33 - INFO - Saving reunion data
2025-04-06 00:24:33 - DEBUG - Attempting to call API for 06012025, R2
2025-04-06 00:24:33 - DEBUG - Response 200 for reunions [2] on 2025-01-06 00:24:27.076561
2025-04-06 00:24:33 - INFO - Saving pays data
2025-04-06 00:24:33 - INFO - Saving hippodrome data
2025-04-06 00:24:33 - INFO - Saving reunion data
2025-04-06 00:24:33 - DEBUG - Attempting to call API for 06012025, R3
2025-04-06 00:24:34 - DEBUG - Response 200 for reunions [3] on 2025-01-06 00:24:27.076561
2025-04-06 00:24:34 - INFO - Saving hippodrome data
2025-04-06 00:24:34 - INFO - Saving reunion data
2025-04-06 00:24:34 - DEBUG - Attempting to call API for 06012025, R4
2025-04-06 00:24:34 - DEBUG - Response 200 for reunions [4] on 2025-01-06 00:24:27.076561
2025-04-06 00:24:34 - INFO - Saving hippodrome data
2025-04-06 00:24:34 - INFO - Saving reunion data
2025-04-06 00:24:34 - DEBUG - Attempting to call API for 06012025, R5
2025-04-06 00:24:35 - DEBUG - Response 200 for reunions [5] on 2025-01-06 00:24:27.076561
2025-04-06 00:24:35 - INFO - Saving pays data
2025-04-06 00:24:35 - INFO - Saving hippodrome data
2025-04-06 00:24:35 - INFO - Saving reunion data
2025-04-06 00:24:35 - DEBUG - Attempting to call API for 06012025, R6
2025-04-06 00:24:35 - DEBUG - Response 200 for reunions [6] on 2025-01-06 00:24:27.076561
2025-04-06 00:24:35 - INFO - Saving pays data
2025-04-06 00:24:35 - INFO - Saving hippodrome data
2025-04-06 00:24:36 - INFO - Saving reunion data
2025-04-06 00:24:36 - DEBUG - Attempting to call API for 06012025, R7
2025-04-06 00:24:36 - DEBUG - Response 200 for reunions [7] on 2025-01-06 00:24:27.076561
2025-04-06 00:24:36 - INFO - Saving hippodrome data
2025-04-06 00:24:36 - INFO - Saving reunion data
2025-04-06 00:24:36 - DEBUG - Attempting to call API for 06012025, R8
2025-04-06 00:24:36 - INFO - No more reunion [8] on 2025-01-06 00:24:27.076561 : 204
2025-04-06 00:24:36 - DEBUG - Attempting to call API for 07012025, R1
2025-04-06 00:24:37 - DEBUG - Response 200 for reunions [1] on 2025-01-07 00:24:27.076561
2025-04-06 00:24:37 - INFO - Saving reunion data
2025-04-06 00:24:37 - DEBUG - Attempting to call API for 07012025, R2
2025-04-06 00:24:37 - DEBUG - Response 200 for reunions [2] on 2025-01-07 00:24:27.076561
2025-04-06 00:24:37 - INFO - Saving pays data
2025-04-06 00:24:37 - INFO - Saving hippodrome data
2025-04-06 00:24:37 - INFO - Saving reunion data
2025-04-06 00:24:37 - DEBUG - Attempting to call API for 07012025, R3
2025-04-06 00:24:38 - DEBUG - Response 200 for reunions [3] on 2025-01-07 00:24:27.076561
2025-04-06 00:24:38 - INFO - Saving reunion data
2025-04-06 00:24:38 - DEBUG - Attempting to call API for 07012025, R4
2025-04-06 00:24:39 - DEBUG - Response 200 for reunions [4] on 2025-01-07 00:24:27.076561
2025-04-06 00:24:39 - INFO - Saving hippodrome data
2025-04-06 00:24:39 - INFO - Saving reunion data
2025-04-06 00:24:39 - DEBUG - Attempting to call API for 07012025, R5
2025-04-06 00:24:39 - DEBUG - Response 200 for reunions [5] on 2025-01-07 00:24:27.076561
2025-04-06 00:24:39 - INFO - Saving hippodrome data
2025-04-06 00:24:39 - INFO - Saving reunion data
2025-04-06 00:24:39 - DEBUG - Attempting to call API for 07012025, R6
2025-04-06 00:24:40 - DEBUG - Response 200 for reunions [6] on 2025-01-07 00:24:27.076561
2025-04-06 00:24:40 - INFO - Saving pays data
2025-04-06 00:24:40 - INFO - Saving hippodrome data
2025-04-06 00:24:40 - INFO - Saving reunion data
2025-04-06 00:24:40 - DEBUG - Attempting to call API for 07012025, R7
2025-04-06 00:24:40 - INFO - No more reunion [7] on 2025-01-07 00:24:27.076561 : 204
2025-04-06 00:24:40 - DEBUG - Attempting to call API for 08012025, R1
2025-04-06 00:24:41 - DEBUG - Response 200 for reunions [1] on 2025-01-08 00:24:27.076561
2025-04-06 00:24:41 - INFO - Saving hippodrome data
2025-04-06 00:24:41 - INFO - Saving reunion data
2025-04-06 00:24:41 - DEBUG - Attempting to call API for 08012025, R2
2025-04-06 00:24:41 - DEBUG - Response 200 for reunions [2] on 2025-01-08 00:24:27.076561
2025-04-06 00:24:41 - INFO - Saving pays data
2025-04-06 00:24:41 - INFO - Saving hippodrome data
2025-04-06 00:24:41 - INFO - Saving reunion data
2025-04-06 00:24:41 - DEBUG - Attempting to call API for 08012025, R3
2025-04-06 00:24:42 - DEBUG - Response 200 for reunions [3] on 2025-01-08 00:24:27.076561
2025-04-06 00:24:42 - INFO - Saving hippodrome data
2025-04-06 00:24:42 - INFO - Saving reunion data
2025-04-06 00:24:42 - DEBUG - Attempting to call API for 08012025, R4
2025-04-06 00:24:42 - DEBUG - Response 200 for reunions [4] on 2025-01-08 00:24:27.076561
2025-04-06 00:24:42 - INFO - Saving hippodrome data
2025-04-06 00:24:42 - INFO - Saving reunion data
2025-04-06 00:24:42 - DEBUG - Attempting to call API for 08012025, R5
2025-04-06 00:24:43 - DEBUG - Response 200 for reunions [5] on 2025-01-08 00:24:27.076561
2025-04-06 00:24:43 - INFO - Saving pays data
2025-04-06 00:24:43 - INFO - Saving hippodrome data
2025-04-06 00:24:43 - INFO - Saving reunion data
2025-04-06 00:24:43 - DEBUG - Attempting to call API for 08012025, R6
2025-04-06 00:24:43 - DEBUG - Response 200 for reunions [6] on 2025-01-08 00:24:27.076561
2025-04-06 00:24:43 - INFO - Saving pays data
2025-04-06 00:24:43 - INFO - Saving hippodrome data
2025-04-06 00:24:43 - INFO - Saving reunion data
2025-04-06 00:24:43 - DEBUG - Attempting to call API for 08012025, R7
2025-04-06 00:24:44 - DEBUG - Response 200 for reunions [7] on 2025-01-08 00:24:27.076561
2025-04-06 00:24:44 - INFO - Saving pays data
2025-04-06 00:24:44 - INFO - Saving hippodrome data
2025-04-06 00:24:44 - INFO - Saving reunion data
2025-04-06 00:24:44 - DEBUG - Attempting to call API for 08012025, R8
2025-04-06 00:24:44 - INFO - No more reunion [8] on 2025-01-08 00:24:27.076561 : 204
2025-04-06 00:24:44 - DEBUG - Attempting to call API for 09012025, R1
2025-04-06 00:24:45 - DEBUG - Response 200 for reunions [1] on 2025-01-09 00:24:27.076561
2025-04-06 00:24:45 - INFO - Saving reunion data
2025-04-06 00:24:45 - DEBUG - Attempting to call API for 09012025, R2
2025-04-06 00:24:45 - DEBUG - Response 200 for reunions [2] on 2025-01-09 00:24:27.076561
2025-04-06 00:24:45 - INFO - Saving reunion data
2025-04-06 00:24:45 - DEBUG - Attempting to call API for 09012025, R3
2025-04-06 00:24:46 - DEBUG - Response 200 for reunions [3] on 2025-01-09 00:24:27.076561
2025-04-06 00:24:46 - INFO - Saving hippodrome data
2025-04-06 00:24:46 - INFO - Saving reunion data
2025-04-06 00:24:46 - DEBUG - Attempting to call API for 09012025, R4
2025-04-06 00:24:51 - DEBUG - Response 200 for reunions [4] on 2025-01-09 00:24:27.076561
2025-04-06 00:24:51 - INFO - Saving reunion data
2025-04-06 00:24:51 - DEBUG - Attempting to call API for 09012025, R5
2025-04-06 00:24:52 - DEBUG - Response 200 for reunions [5] on 2025-01-09 00:24:27.076561
2025-04-06 00:24:52 - INFO - Saving hippodrome data
2025-04-06 00:24:52 - INFO - Saving reunion data
2025-04-06 00:24:52 - DEBUG - Attempting to call API for 09012025, R6
2025-04-06 00:24:52 - DEBUG - Response 200 for reunions [6] on 2025-01-09 00:24:27.076561
2025-04-06 00:24:52 - INFO - Saving pays data
2025-04-06 00:24:52 - INFO - Saving hippodrome data
2025-04-06 00:24:52 - INFO - Saving reunion data
2025-04-06 00:24:52 - DEBUG - Attempting to call API for 09012025, R7
2025-04-06 00:24:53 - INFO - No more reunion [7] on 2025-01-09 00:24:27.076561 : 204
2025-04-06 00:24:53 - DEBUG - Attempting to call API for 10012025, R1
2025-04-06 00:24:53 - DEBUG - Response 200 for reunions [1] on 2025-01-10 00:24:27.076561
2025-04-06 00:24:53 - INFO - Saving hippodrome data
2025-04-06 00:24:53 - INFO - Saving reunion data
2025-04-06 00:24:53 - DEBUG - Attempting to call API for 10012025, R2
2025-04-06 00:24:59 - DEBUG - Response 200 for reunions [2] on 2025-01-10 00:24:27.076561
2025-04-06 00:24:59 - INFO - Saving reunion data
2025-04-06 00:24:59 - DEBUG - Attempting to call API for 10012025, R3
2025-04-06 00:25:00 - DEBUG - Response 200 for reunions [3] on 2025-01-10 00:24:27.076561
2025-04-06 00:25:00 - INFO - Saving reunion data
2025-04-06 00:25:00 - DEBUG - Attempting to call API for 10012025, R4
2025-04-06 00:25:00 - DEBUG - Response 200 for reunions [4] on 2025-01-10 00:24:27.076561
2025-04-06 00:25:00 - INFO - Saving reunion data
2025-04-06 00:25:00 - DEBUG - Attempting to call API for 10012025, R5
2025-04-06 00:25:01 - DEBUG - Response 200 for reunions [5] on 2025-01-10 00:24:27.076561
2025-04-06 00:25:01 - INFO - Saving pays data
2025-04-06 00:25:01 - INFO - Saving hippodrome data
2025-04-06 00:25:01 - INFO - Saving reunion data
2025-04-06 00:25:01 - DEBUG - Attempting to call API for 10012025, R6
2025-04-06 00:25:01 - DEBUG - Response 200 for reunions [6] on 2025-01-10 00:24:27.076561
2025-04-06 00:25:01 - INFO - Saving reunion data
2025-04-06 00:25:01 - DEBUG - Attempting to call API for 10012025, R7
2025-04-06 00:25:02 - DEBUG - Response 200 for reunions [7] on 2025-01-10 00:24:27.076561
2025-04-06 00:25:02 - INFO - Saving hippodrome data
2025-04-06 00:25:02 - INFO - Saving reunion data
2025-04-06 00:25:02 - DEBUG - Attempting to call API for 10012025, R8
2025-04-06 00:25:02 - INFO - No more reunion [8] on 2025-01-10 00:24:27.076561 : 204
2025-04-06 00:25:02 - DEBUG - Attempting to call API for 11012025, R1
2025-04-06 00:25:03 - DEBUG - Response 200 for reunions [1] on 2025-01-11 00:24:27.076561
2025-04-06 00:25:03 - INFO - Saving reunion data
2025-04-06 00:25:03 - DEBUG - Attempting to call API for 11012025, R2
2025-04-06 00:25:03 - DEBUG - Response 200 for reunions [2] on 2025-01-11 00:24:27.076561
2025-04-06 00:25:03 - INFO - Saving pays data
2025-04-06 00:25:03 - INFO - Saving hippodrome data
2025-04-06 00:25:03 - INFO - Saving reunion data
2025-04-06 00:25:03 - DEBUG - Attempting to call API for 11012025, R3
2025-04-06 00:25:04 - DEBUG - Response 200 for reunions [3] on 2025-01-11 00:24:27.076561
2025-04-06 00:25:04 - INFO - Saving hippodrome data
2025-04-06 00:25:04 - INFO - Saving reunion data
2025-04-06 00:25:04 - DEBUG - Attempting to call API for 11012025, R4
2025-04-06 00:25:05 - DEBUG - Response 200 for reunions [4] on 2025-01-11 00:24:27.076561
2025-04-06 00:25:05 - INFO - Saving reunion data
2025-04-06 00:25:05 - DEBUG - Attempting to call API for 11012025, R5
2025-04-06 00:25:05 - DEBUG - Response 200 for reunions [5] on 2025-01-11 00:24:27.076561
2025-04-06 00:25:05 - INFO - Saving pays data
2025-04-06 00:25:05 - INFO - Saving hippodrome data
2025-04-06 00:25:05 - INFO - Saving reunion data
2025-04-06 00:25:05 - DEBUG - Attempting to call API for 11012025, R6
2025-04-06 00:25:06 - DEBUG - Response 200 for reunions [6] on 2025-01-11 00:24:27.076561
2025-04-06 00:25:06 - INFO - Saving reunion data
2025-04-06 00:25:06 - DEBUG - Attempting to call API for 11012025, R7
2025-04-06 00:25:11 - DEBUG - Response 200 for reunions [7] on 2025-01-11 00:24:27.076561
2025-04-06 00:25:11 - INFO - Saving reunion data
2025-04-06 00:25:11 - DEBUG - Attempting to call API for 11012025, R8
2025-04-06 00:25:12 - DEBUG - Response 200 for reunions [8] on 2025-01-11 00:24:27.076561
2025-04-06 00:25:12 - INFO - Saving hippodrome data
2025-04-06 00:25:12 - INFO - Saving reunion data
2025-04-06 00:25:12 - DEBUG - Attempting to call API for 11012025, R9
2025-04-06 00:25:12 - INFO - No more reunion [9] on 2025-01-11 00:24:27.076561 : 204
2025-04-06 00:25:12 - DEBUG - Attempting to call API for 12012025, R1
2025-04-06 00:25:23 - DEBUG - Response 200 for reunions [1] on 2025-01-12 00:24:27.076561
2025-04-06 00:25:23 - INFO - Saving reunion data
2025-04-06 00:25:23 - DEBUG - Attempting to call API for 12012025, R2
2025-04-06 00:25:24 - DEBUG - Response 200 for reunions [2] on 2025-01-12 00:24:27.076561
2025-04-06 00:25:24 - INFO - Saving hippodrome data
2025-04-06 00:25:24 - INFO - Saving reunion data
2025-04-06 00:25:24 - DEBUG - Attempting to call API for 12012025, R3
2025-04-06 00:25:24 - DEBUG - Response 200 for reunions [3] on 2025-01-12 00:24:27.076561
2025-04-06 00:25:24 - INFO - Saving hippodrome data
2025-04-06 00:25:24 - INFO - Saving reunion data
2025-04-06 00:25:24 - DEBUG - Attempting to call API for 12012025, R4
2025-04-06 00:25:25 - DEBUG - Response 200 for reunions [4] on 2025-01-12 00:24:27.076561
2025-04-06 00:25:25 - INFO - Saving reunion data
2025-04-06 00:25:25 - DEBUG - Attempting to call API for 12012025, R5
2025-04-06 00:25:25 - DEBUG - Response 200 for reunions [5] on 2025-01-12 00:24:27.076561
2025-04-06 00:25:25 - INFO - Saving reunion data
2025-04-06 00:25:25 - DEBUG - Attempting to call API for 12012025, R6
2025-04-06 00:25:26 - DEBUG - Response 200 for reunions [6] on 2025-01-12 00:24:27.076561
2025-04-06 00:25:26 - INFO - Saving hippodrome data
2025-04-06 00:25:26 - INFO - Saving reunion data
2025-04-06 00:25:26 - DEBUG - Attempting to call API for 12012025, R7
2025-04-06 00:25:31 - DEBUG - Response 200 for reunions [7] on 2025-01-12 00:24:27.076561
2025-04-06 00:25:31 - INFO - Saving reunion data
2025-04-06 00:25:31 - DEBUG - Attempting to call API for 12012025, R8
2025-04-06 00:25:32 - DEBUG - Response 200 for reunions [8] on 2025-01-12 00:24:27.076561
2025-04-06 00:25:32 - INFO - Saving reunion data
2025-04-06 00:25:32 - DEBUG - Attempting to call API for 12012025, R9
2025-04-06 00:25:32 - DEBUG - Response 200 for reunions [9] on 2025-01-12 00:24:27.076561
2025-04-06 00:25:32 - INFO - Saving reunion data
2025-04-06 00:25:32 - DEBUG - Attempting to call API for 12012025, R10
2025-04-06 00:25:33 - DEBUG - Response 200 for reunions [10] on 2025-01-12 00:24:27.076561
2025-04-06 00:25:33 - INFO - Saving hippodrome data
2025-04-06 00:25:33 - INFO - Saving reunion data
2025-04-06 00:25:33 - DEBUG - Attempting to call API for 12012025, R11
2025-04-06 00:25:33 - INFO - No more reunion [11] on 2025-01-12 00:24:27.076561 : 204
2025-04-06 00:25:33 - DEBUG - Attempting to call API for 13012025, R1
2025-04-06 00:25:34 - DEBUG - Response 200 for reunions [1] on 2025-01-13 00:24:27.076561
2025-04-06 00:25:34 - INFO - Saving reunion data
2025-04-06 00:25:34 - DEBUG - Attempting to call API for 13012025, R2
2025-04-06 00:25:34 - DEBUG - Response 200 for reunions [2] on 2025-01-13 00:24:27.076561
2025-04-06 00:25:34 - INFO - Saving pays data
2025-04-06 00:25:34 - INFO - Saving hippodrome data
2025-04-06 00:25:34 - INFO - Saving reunion data
2025-04-06 00:25:34 - DEBUG - Attempting to call API for 13012025, R3
2025-04-06 00:25:35 - DEBUG - Response 200 for reunions [3] on 2025-01-13 00:24:27.076561
2025-04-06 00:25:35 - INFO - Saving hippodrome data
2025-04-06 00:25:35 - INFO - Saving reunion data
2025-04-06 00:25:35 - DEBUG - Attempting to call API for 13012025, R4
2025-04-06 00:25:36 - DEBUG - Response 200 for reunions [4] on 2025-01-13 00:24:27.076561
2025-04-06 00:25:36 - INFO - Saving reunion data
2025-04-06 00:25:36 - DEBUG - Attempting to call API for 13012025, R5
2025-04-06 00:25:36 - DEBUG - Response 200 for reunions [5] on 2025-01-13 00:24:27.076561
2025-04-06 00:25:36 - INFO - Saving reunion data
2025-04-06 00:25:36 - DEBUG - Attempting to call API for 13012025, R6
2025-04-06 00:25:37 - DEBUG - Response 200 for reunions [6] on 2025-01-13 00:24:27.076561
2025-04-06 00:25:37 - INFO - Saving reunion data
2025-04-06 00:25:37 - DEBUG - Attempting to call API for 13012025, R7
2025-04-06 00:25:37 - INFO - No more reunion [7] on 2025-01-13 00:24:27.076561 : 204
2025-04-06 00:25:37 - DEBUG - Attempting to call API for 14012025, R1
2025-04-06 00:25:38 - DEBUG - Response 200 for reunions [1] on 2025-01-14 00:24:27.076561
2025-04-06 00:25:38 - INFO - Saving reunion data
2025-04-06 00:25:38 - DEBUG - Attempting to call API for 14012025, R2
2025-04-06 00:25:38 - DEBUG - Response 200 for reunions [2] on 2025-01-14 00:24:27.076561
2025-04-06 00:25:38 - INFO - Saving reunion data
2025-04-06 00:25:38 - DEBUG - Attempting to call API for 14012025, R3
2025-04-06 00:25:39 - DEBUG - Response 200 for reunions [3] on 2025-01-14 00:24:27.076561
2025-04-06 00:25:39 - INFO - Saving reunion data
2025-04-06 00:25:39 - DEBUG - Attempting to call API for 14012025, R4
2025-04-06 00:25:39 - DEBUG - Response 200 for reunions [4] on 2025-01-14 00:24:27.076561
2025-04-06 00:25:39 - INFO - Saving hippodrome data
2025-04-06 00:25:39 - INFO - Saving reunion data
2025-04-06 00:25:39 - DEBUG - Attempting to call API for 14012025, R5
2025-04-06 00:25:40 - DEBUG - Response 200 for reunions [5] on 2025-01-14 00:24:27.076561
2025-04-06 00:25:40 - INFO - Saving pays data
2025-04-06 00:25:40 - INFO - Saving hippodrome data
2025-04-06 00:25:40 - INFO - Saving reunion data
2025-04-06 00:25:40 - DEBUG - Attempting to call API for 14012025, R6
2025-04-06 00:25:40 - DEBUG - Response 200 for reunions [6] on 2025-01-14 00:24:27.076561
2025-04-06 00:25:40 - INFO - Saving reunion data
2025-04-06 00:25:40 - DEBUG - Attempting to call API for 14012025, R7
2025-04-06 00:25:41 - INFO - No more reunion [7] on 2025-01-14 00:24:27.076561 : 204
2025-04-06 00:25:41 - DEBUG - Attempting to call API for 15012025, R1
2025-04-06 00:25:41 - DEBUG - Response 200 for reunions [1] on 2025-01-15 00:24:27.076561
2025-04-06 00:25:41 - INFO - Saving reunion data
2025-04-06 00:25:42 - DEBUG - Attempting to call API for 15012025, R2
2025-04-06 00:25:42 - DEBUG - Response 200 for reunions [2] on 2025-01-15 00:24:27.076561
2025-04-06 00:25:42 - INFO - Saving reunion data
2025-04-06 00:25:42 - DEBUG - Attempting to call API for 15012025, R3
2025-04-06 00:25:43 - DEBUG - Response 200 for reunions [3] on 2025-01-15 00:24:27.076561
2025-04-06 00:25:43 - INFO - Saving hippodrome data
2025-04-06 00:25:43 - INFO - Saving reunion data
2025-04-06 00:25:43 - DEBUG - Attempting to call API for 15012025, R4
2025-04-06 00:25:43 - DEBUG - Response 200 for reunions [4] on 2025-01-15 00:24:27.076561
2025-04-06 00:25:43 - INFO - Saving reunion data
2025-04-06 00:25:43 - DEBUG - Attempting to call API for 15012025, R5
2025-04-06 00:25:44 - DEBUG - Response 200 for reunions [5] on 2025-01-15 00:24:27.076561
2025-04-06 00:25:44 - INFO - Saving reunion data
2025-04-06 00:25:44 - DEBUG - Attempting to call API for 15012025, R6
2025-04-06 00:25:44 - DEBUG - Response 200 for reunions [6] on 2025-01-15 00:24:27.076561
2025-04-06 00:25:44 - INFO - Saving reunion data
2025-04-06 00:25:44 - DEBUG - Attempting to call API for 15012025, R7
2025-04-06 00:25:45 - DEBUG - Response 200 for reunions [7] on 2025-01-15 00:24:27.076561
2025-04-06 00:25:45 - INFO - Saving reunion data
2025-04-06 00:25:45 - DEBUG - Attempting to call API for 15012025, R8
2025-04-06 00:25:45 - DEBUG - Response 200 for reunions [8] on 2025-01-15 00:24:27.076561
2025-04-06 00:25:45 - INFO - Saving reunion data
2025-04-06 00:25:45 - DEBUG - Attempting to call API for 15012025, R9
2025-04-06 00:25:45 - INFO - No more reunion [9] on 2025-01-15 00:24:27.076561 : 204
2025-04-06 00:25:45 - DEBUG - Attempting to call API for 16012025, R1
2025-04-06 00:25:46 - DEBUG - Response 200 for reunions [1] on 2025-01-16 00:24:27.076561
2025-04-06 00:25:46 - INFO - Saving reunion data
2025-04-06 00:25:46 - DEBUG - Attempting to call API for 16012025, R2
2025-04-06 00:25:52 - DEBUG - Response 200 for reunions [2] on 2025-01-16 00:24:27.076561
2025-04-06 00:25:52 - INFO - Saving pays data
2025-04-06 00:25:52 - INFO - Saving hippodrome data
2025-04-06 00:25:52 - INFO - Saving reunion data
2025-04-06 00:25:52 - DEBUG - Attempting to call API for 16012025, R3
2025-04-06 00:25:52 - DEBUG - Response 200 for reunions [3] on 2025-01-16 00:24:27.076561
2025-04-06 00:25:52 - INFO - Saving reunion data
2025-04-06 00:25:52 - DEBUG - Attempting to call API for 16012025, R4
2025-04-06 00:25:53 - DEBUG - Response 200 for reunions [4] on 2025-01-16 00:24:27.076561
2025-04-06 00:25:53 - INFO - Saving reunion data
2025-04-06 00:25:53 - DEBUG - Attempting to call API for 16012025, R5
2025-04-06 00:25:53 - DEBUG - Response 200 for reunions [5] on 2025-01-16 00:24:27.076561
2025-04-06 00:25:53 - INFO - Saving reunion data
2025-04-06 00:25:53 - DEBUG - Attempting to call API for 16012025, R6
2025-04-06 00:25:54 - DEBUG - Response 200 for reunions [6] on 2025-01-16 00:24:27.076561
2025-04-06 00:25:54 - INFO - Saving reunion data
2025-04-06 00:25:54 - DEBUG - Attempting to call API for 16012025, R7
2025-04-06 00:25:54 - INFO - No more reunion [7] on 2025-01-16 00:24:27.076561 : 204
2025-04-06 00:25:54 - DEBUG - Attempting to call API for 17012025, R1
2025-04-06 00:25:55 - DEBUG - Response 200 for reunions [1] on 2025-01-17 00:24:27.076561
2025-04-06 00:25:55 - INFO - Saving reunion data
2025-04-06 00:25:55 - DEBUG - Attempting to call API for 17012025, R2
2025-04-06 00:25:55 - DEBUG - Response 200 for reunions [2] on 2025-01-17 00:24:27.076561
2025-04-06 00:25:55 - INFO - Saving reunion data
2025-04-06 00:25:55 - DEBUG - Attempting to call API for 17012025, R3
2025-04-06 00:25:56 - DEBUG - Response 200 for reunions [3] on 2025-01-17 00:24:27.076561
2025-04-06 00:25:56 - INFO - Saving reunion data
2025-04-06 00:25:56 - DEBUG - Attempting to call API for 17012025, R4
2025-04-06 00:25:56 - DEBUG - Response 200 for reunions [4] on 2025-01-17 00:24:27.076561
2025-04-06 00:25:56 - INFO - Saving reunion data
2025-04-06 00:25:56 - DEBUG - Attempting to call API for 17012025, R5
2025-04-06 00:25:57 - DEBUG - Response 200 for reunions [5] on 2025-01-17 00:24:27.076561
2025-04-06 00:25:57 - INFO - Saving reunion data
2025-04-06 00:25:57 - DEBUG - Attempting to call API for 17012025, R6
2025-04-06 00:25:57 - DEBUG - Response 200 for reunions [6] on 2025-01-17 00:24:27.076561
2025-04-06 00:25:57 - INFO - Saving reunion data
2025-04-06 00:25:57 - DEBUG - Attempting to call API for 17012025, R7
2025-04-06 00:25:58 - DEBUG - Response 200 for reunions [7] on 2025-01-17 00:24:27.076561
2025-04-06 00:25:58 - INFO - Saving reunion data
2025-04-06 00:25:58 - DEBUG - Attempting to call API for 17012025, R8
2025-04-06 00:25:58 - INFO - No more reunion [8] on 2025-01-17 00:24:27.076561 : 204
2025-04-06 00:25:58 - DEBUG - Attempting to call API for 18012025, R1
2025-04-06 00:25:59 - DEBUG - Response 200 for reunions [1] on 2025-01-18 00:24:27.076561
2025-04-06 00:25:59 - INFO - Saving reunion data
2025-04-06 00:25:59 - DEBUG - Attempting to call API for 18012025, R2
2025-04-06 00:25:59 - DEBUG - Response 200 for reunions [2] on 2025-01-18 00:24:27.076561
2025-04-06 00:25:59 - INFO - Saving reunion data
2025-04-06 00:25:59 - DEBUG - Attempting to call API for 18012025, R3
2025-04-06 00:26:00 - DEBUG - Response 200 for reunions [3] on 2025-01-18 00:24:27.076561
2025-04-06 00:26:00 - INFO - Saving reunion data
2025-04-06 00:26:00 - DEBUG - Attempting to call API for 18012025, R4
2025-04-06 00:26:00 - DEBUG - Response 200 for reunions [4] on 2025-01-18 00:24:27.076561
2025-04-06 00:26:00 - INFO - Saving reunion data
2025-04-06 00:26:00 - DEBUG - Attempting to call API for 18012025, R5
2025-04-06 00:26:01 - DEBUG - Response 200 for reunions [5] on 2025-01-18 00:24:27.076561
2025-04-06 00:26:01 - INFO - Saving reunion data
2025-04-06 00:26:01 - DEBUG - Attempting to call API for 18012025, R6
2025-04-06 00:26:01 - DEBUG - Response 200 for reunions [6] on 2025-01-18 00:24:27.076561
2025-04-06 00:26:01 - INFO - Saving reunion data
2025-04-06 00:26:01 - DEBUG - Attempting to call API for 18012025, R7
2025-04-06 00:26:02 - DEBUG - Response 200 for reunions [7] on 2025-01-18 00:24:27.076561
2025-04-06 00:26:02 - INFO - Saving reunion data
2025-04-06 00:26:02 - DEBUG - Attempting to call API for 18012025, R8
2025-04-06 00:26:02 - DEBUG - Response 200 for reunions [8] on 2025-01-18 00:24:27.076561
2025-04-06 00:26:02 - INFO - Saving reunion data
2025-04-06 00:26:02 - DEBUG - Attempting to call API for 18012025, R9
2025-04-06 00:26:03 - INFO - No more reunion [9] on 2025-01-18 00:24:27.076561 : 204
2025-04-06 00:26:03 - DEBUG - Attempting to call API for 19012025, R1
2025-04-06 00:26:03 - DEBUG - Response 200 for reunions [1] on 2025-01-19 00:24:27.076561
2025-04-06 00:26:03 - INFO - Saving reunion data
2025-04-06 00:26:03 - DEBUG - Attempting to call API for 19012025, R2
2025-04-06 00:26:04 - DEBUG - Response 200 for reunions [2] on 2025-01-19 00:24:27.076561
2025-04-06 00:26:04 - INFO - Saving reunion data
2025-04-06 00:26:04 - DEBUG - Attempting to call API for 19012025, R3
2025-04-06 00:26:04 - DEBUG - Response 200 for reunions [3] on 2025-01-19 00:24:27.076561
2025-04-06 00:26:04 - INFO - Saving hippodrome data
2025-04-06 00:26:04 - INFO - Saving reunion data
2025-04-06 00:26:04 - DEBUG - Attempting to call API for 19012025, R4
2025-04-06 00:26:05 - DEBUG - Response 200 for reunions [4] on 2025-01-19 00:24:27.076561
2025-04-06 00:26:05 - INFO - Saving reunion data
2025-04-06 00:26:05 - DEBUG - Attempting to call API for 19012025, R5
2025-04-06 00:26:05 - DEBUG - Response 200 for reunions [5] on 2025-01-19 00:24:27.076561
2025-04-06 00:26:05 - INFO - Saving reunion data
2025-04-06 00:26:05 - DEBUG - Attempting to call API for 19012025, R6
2025-04-06 00:26:06 - DEBUG - Response 200 for reunions [6] on 2025-01-19 00:24:27.076561
2025-04-06 00:26:06 - INFO - Saving reunion data
2025-04-06 00:26:06 - DEBUG - Attempting to call API for 19012025, R7
2025-04-06 00:26:06 - DEBUG - Response 200 for reunions [7] on 2025-01-19 00:24:27.076561
2025-04-06 00:26:06 - INFO - Saving hippodrome data
2025-04-06 00:26:07 - INFO - Saving reunion data
2025-04-06 00:26:07 - DEBUG - Attempting to call API for 19012025, R8
2025-04-06 00:26:07 - DEBUG - Response 200 for reunions [8] on 2025-01-19 00:24:27.076561
2025-04-06 00:26:07 - INFO - Saving hippodrome data
2025-04-06 00:26:07 - INFO - Saving reunion data
2025-04-06 00:26:07 - DEBUG - Attempting to call API for 19012025, R9
2025-04-06 00:26:08 - DEBUG - Response 200 for reunions [9] on 2025-01-19 00:24:27.076561
2025-04-06 00:26:08 - INFO - Saving reunion data
2025-04-06 00:26:08 - DEBUG - Attempting to call API for 19012025, R10
2025-04-06 00:26:08 - INFO - No more reunion [10] on 2025-01-19 00:24:27.076561 : 204
2025-04-06 00:26:08 - DEBUG - Attempting to call API for 20012025, R1
2025-04-06 00:26:09 - DEBUG - Response 200 for reunions [1] on 2025-01-20 00:24:27.076561
2025-04-06 00:26:09 - INFO - Saving reunion data
2025-04-06 00:26:09 - DEBUG - Attempting to call API for 20012025, R2
2025-04-06 00:26:09 - DEBUG - Response 200 for reunions [2] on 2025-01-20 00:24:27.076561
2025-04-06 00:26:09 - INFO - Saving reunion data
2025-04-06 00:26:09 - DEBUG - Attempting to call API for 20012025, R3
2025-04-06 00:26:10 - DEBUG - Response 200 for reunions [3] on 2025-01-20 00:24:27.076561
2025-04-06 00:26:10 - INFO - Saving reunion data
2025-04-06 00:26:10 - DEBUG - Attempting to call API for 20012025, R4
2025-04-06 00:26:10 - DEBUG - Response 200 for reunions [4] on 2025-01-20 00:24:27.076561
2025-04-06 00:26:10 - INFO - Saving reunion data
2025-04-06 00:26:10 - DEBUG - Attempting to call API for 20012025, R5
2025-04-06 00:26:11 - DEBUG - Response 200 for reunions [5] on 2025-01-20 00:24:27.076561
2025-04-06 00:26:11 - INFO - Saving reunion data
2025-04-06 00:26:11 - DEBUG - Attempting to call API for 20012025, R6
2025-04-06 00:26:11 - DEBUG - Response 200 for reunions [6] on 2025-01-20 00:24:27.076561
2025-04-06 00:26:11 - INFO - Saving hippodrome data
2025-04-06 00:26:11 - INFO - Saving reunion data
2025-04-06 00:26:11 - DEBUG - Attempting to call API for 20012025, R7
2025-04-06 00:26:12 - INFO - No more reunion [7] on 2025-01-20 00:24:27.076561 : 204
2025-04-06 00:26:12 - DEBUG - Attempting to call API for 21012025, R1
2025-04-06 00:26:17 - DEBUG - Response 200 for reunions [1] on 2025-01-21 00:24:27.076561
2025-04-06 00:26:17 - INFO - Saving reunion data
2025-04-06 00:26:18 - DEBUG - Attempting to call API for 21012025, R2
2025-04-06 00:26:18 - DEBUG - Response 200 for reunions [2] on 2025-01-21 00:24:27.076561
2025-04-06 00:26:18 - INFO - Saving reunion data
2025-04-06 00:26:18 - DEBUG - Attempting to call API for 21012025, R3
2025-04-06 00:26:19 - DEBUG - Response 200 for reunions [3] on 2025-01-21 00:24:27.076561
2025-04-06 00:26:19 - INFO - Saving reunion data
2025-04-06 00:26:19 - DEBUG - Attempting to call API for 21012025, R4
2025-04-06 00:26:19 - DEBUG - Response 200 for reunions [4] on 2025-01-21 00:24:27.076561
2025-04-06 00:26:19 - INFO - Saving reunion data
2025-04-06 00:26:19 - DEBUG - Attempting to call API for 21012025, R5
2025-04-06 00:26:20 - DEBUG - Response 200 for reunions [5] on 2025-01-21 00:24:27.076561
2025-04-06 00:26:20 - INFO - Saving reunion data
2025-04-06 00:26:20 - DEBUG - Attempting to call API for 21012025, R6
2025-04-06 00:26:20 - DEBUG - Response 200 for reunions [6] on 2025-01-21 00:24:27.076561
2025-04-06 00:26:20 - INFO - Saving reunion data
2025-04-06 00:26:20 - DEBUG - Attempting to call API for 21012025, R7
2025-04-06 00:26:21 - DEBUG - Response 200 for reunions [7] on 2025-01-21 00:24:27.076561
2025-04-06 00:26:21 - INFO - Saving reunion data
2025-04-06 00:26:21 - DEBUG - Attempting to call API for 21012025, R8
2025-04-06 00:26:21 - INFO - No more reunion [8] on 2025-01-21 00:24:27.076561 : 204
2025-04-06 00:26:21 - DEBUG - Attempting to call API for 22012025, R1
2025-04-06 00:26:22 - DEBUG - Response 200 for reunions [1] on 2025-01-22 00:24:27.076561
2025-04-06 00:26:22 - INFO - Saving reunion data
2025-04-06 00:26:22 - DEBUG - Attempting to call API for 22012025, R2
2025-04-06 00:26:22 - DEBUG - Response 200 for reunions [2] on 2025-01-22 00:24:27.076561
2025-04-06 00:26:22 - INFO - Saving reunion data
2025-04-06 00:26:22 - DEBUG - Attempting to call API for 22012025, R3
2025-04-06 00:26:23 - DEBUG - Response 200 for reunions [3] on 2025-01-22 00:24:27.076561
2025-04-06 00:26:23 - INFO - Saving reunion data
2025-04-06 00:26:23 - DEBUG - Attempting to call API for 22012025, R4
2025-04-06 00:26:23 - DEBUG - Response 200 for reunions [4] on 2025-01-22 00:24:27.076561
2025-04-06 00:26:23 - INFO - Saving reunion data
2025-04-06 00:26:23 - DEBUG - Attempting to call API for 22012025, R5
2025-04-06 00:26:24 - DEBUG - Response 200 for reunions [5] on 2025-01-22 00:24:27.076561
2025-04-06 00:26:24 - INFO - Saving reunion data
2025-04-06 00:26:24 - DEBUG - Attempting to call API for 22012025, R6
2025-04-06 00:26:24 - DEBUG - Response 200 for reunions [6] on 2025-01-22 00:24:27.076561
2025-04-06 00:26:24 - INFO - Saving reunion data
2025-04-06 00:26:24 - DEBUG - Attempting to call API for 22012025, R7
2025-04-06 00:26:25 - DEBUG - Response 200 for reunions [7] on 2025-01-22 00:24:27.076561
2025-04-06 00:26:25 - INFO - Saving reunion data
2025-04-06 00:26:25 - DEBUG - Attempting to call API for 22012025, R8
2025-04-06 00:26:25 - DEBUG - Response 200 for reunions [8] on 2025-01-22 00:24:27.076561
2025-04-06 00:26:25 - INFO - Saving reunion data
2025-04-06 00:26:25 - DEBUG - Attempting to call API for 22012025, R9
2025-04-06 00:26:26 - DEBUG - Response 200 for reunions [9] on 2025-01-22 00:24:27.076561
2025-04-06 00:26:26 - INFO - Saving reunion data
2025-04-06 00:26:26 - DEBUG - Attempting to call API for 22012025, R10
2025-04-06 00:26:27 - DEBUG - Response 200 for reunions [10] on 2025-01-22 00:24:27.076561
2025-04-06 00:26:27 - INFO - Saving reunion data
2025-04-06 00:26:27 - DEBUG - Attempting to call API for 22012025, R11
2025-04-06 00:26:27 - INFO - No more reunion [11] on 2025-01-22 00:24:27.076561 : 204
2025-04-06 00:26:27 - DEBUG - Attempting to call API for 23012025, R1
2025-04-06 00:26:28 - DEBUG - Response 200 for reunions [1] on 2025-01-23 00:24:27.076561
2025-04-06 00:26:28 - INFO - Saving reunion data
2025-04-06 00:26:28 - DEBUG - Attempting to call API for 23012025, R2
2025-04-06 00:26:28 - DEBUG - Response 200 for reunions [2] on 2025-01-23 00:24:27.076561
2025-04-06 00:26:28 - INFO - Saving reunion data
2025-04-06 00:26:28 - DEBUG - Attempting to call API for 23012025, R3
2025-04-06 00:26:29 - DEBUG - Response 200 for reunions [3] on 2025-01-23 00:24:27.076561
2025-04-06 00:26:29 - INFO - Saving reunion data
2025-04-06 00:26:29 - DEBUG - Attempting to call API for 23012025, R4
2025-04-06 00:26:29 - DEBUG - Response 200 for reunions [4] on 2025-01-23 00:24:27.076561
2025-04-06 00:26:29 - INFO - Saving reunion data
2025-04-06 00:26:29 - DEBUG - Attempting to call API for 23012025, R5
2025-04-06 00:26:35 - DEBUG - Response 200 for reunions [5] on 2025-01-23 00:24:27.076561
2025-04-06 00:26:35 - INFO - Saving reunion data
2025-04-06 00:26:35 - DEBUG - Attempting to call API for 23012025, R6
2025-04-06 00:26:35 - DEBUG - Response 200 for reunions [6] on 2025-01-23 00:24:27.076561
2025-04-06 00:26:35 - INFO - Saving reunion data
2025-04-06 00:26:35 - DEBUG - Attempting to call API for 23012025, R7
2025-04-06 00:26:36 - DEBUG - Response 200 for reunions [7] on 2025-01-23 00:24:27.076561
2025-04-06 00:26:36 - INFO - Saving reunion data
2025-04-06 00:26:36 - DEBUG - Attempting to call API for 23012025, R8
2025-04-06 00:26:36 - INFO - No more reunion [8] on 2025-01-23 00:24:27.076561 : 204
2025-04-06 00:26:36 - DEBUG - Attempting to call API for 24012025, R1
2025-04-06 00:26:37 - DEBUG - Response 200 for reunions [1] on 2025-01-24 00:24:27.076561
2025-04-06 00:26:37 - INFO - Saving reunion data
2025-04-06 00:26:37 - DEBUG - Attempting to call API for 24012025, R2
2025-04-06 00:26:37 - DEBUG - Response 200 for reunions [2] on 2025-01-24 00:24:27.076561
2025-04-06 00:26:37 - INFO - Saving reunion data
2025-04-06 00:26:37 - DEBUG - Attempting to call API for 24012025, R3
2025-04-06 00:26:38 - DEBUG - Response 200 for reunions [3] on 2025-01-24 00:24:27.076561
2025-04-06 00:26:38 - INFO - Saving hippodrome data
2025-04-06 00:26:38 - INFO - Saving reunion data
2025-04-06 00:26:38 - DEBUG - Attempting to call API for 24012025, R4
2025-04-06 00:26:38 - DEBUG - Response 200 for reunions [4] on 2025-01-24 00:24:27.076561
2025-04-06 00:26:38 - INFO - Saving reunion data
2025-04-06 00:26:38 - DEBUG - Attempting to call API for 24012025, R5
2025-04-06 00:26:39 - DEBUG - Response 200 for reunions [5] on 2025-01-24 00:24:27.076561
2025-04-06 00:26:39 - INFO - Saving reunion data
2025-04-06 00:26:39 - DEBUG - Attempting to call API for 24012025, R6
2025-04-06 00:26:39 - DEBUG - Response 200 for reunions [6] on 2025-01-24 00:24:27.076561
2025-04-06 00:26:39 - INFO - Saving reunion data
2025-04-06 00:26:40 - DEBUG - Attempting to call API for 24012025, R7
2025-04-06 00:26:40 - DEBUG - Response 200 for reunions [7] on 2025-01-24 00:24:27.076561
2025-04-06 00:26:40 - INFO - Saving reunion data
2025-04-06 00:26:40 - DEBUG - Attempting to call API for 24012025, R8
2025-04-06 00:26:41 - INFO - No more reunion [8] on 2025-01-24 00:24:27.076561 : 204
2025-04-06 00:26:41 - DEBUG - Attempting to call API for 25012025, R1
2025-04-06 00:26:41 - DEBUG - Response 200 for reunions [1] on 2025-01-25 00:24:27.076561
2025-04-06 00:26:41 - INFO - Saving reunion data
2025-04-06 00:26:41 - DEBUG - Attempting to call API for 25012025, R2
2025-04-06 00:26:42 - DEBUG - Response 200 for reunions [2] on 2025-01-25 00:24:27.076561
2025-04-06 00:26:42 - INFO - Saving reunion data
2025-04-06 00:26:42 - DEBUG - Attempting to call API for 25012025, R3
2025-04-06 00:26:42 - DEBUG - Response 200 for reunions [3] on 2025-01-25 00:24:27.076561
2025-04-06 00:26:42 - INFO - Saving reunion data
2025-04-06 00:26:42 - DEBUG - Attempting to call API for 25012025, R4
2025-04-06 00:26:43 - DEBUG - Response 200 for reunions [4] on 2025-01-25 00:24:27.076561
2025-04-06 00:26:43 - INFO - Saving reunion data
2025-04-06 00:26:43 - DEBUG - Attempting to call API for 25012025, R5
2025-04-06 00:26:43 - DEBUG - Response 200 for reunions [5] on 2025-01-25 00:24:27.076561
2025-04-06 00:26:43 - INFO - Saving reunion data
2025-04-06 00:26:43 - DEBUG - Attempting to call API for 25012025, R6
2025-04-06 00:26:44 - DEBUG - Response 200 for reunions [6] on 2025-01-25 00:24:27.076561
2025-04-06 00:26:44 - INFO - Saving reunion data
2025-04-06 00:26:44 - DEBUG - Attempting to call API for 25012025, R7
2025-04-06 00:26:44 - DEBUG - Response 200 for reunions [7] on 2025-01-25 00:24:27.076561
2025-04-06 00:26:44 - INFO - Saving reunion data
2025-04-06 00:26:44 - DEBUG - Attempting to call API for 25012025, R8
2025-04-06 00:26:45 - DEBUG - Response 200 for reunions [8] on 2025-01-25 00:24:27.076561
2025-04-06 00:26:45 - INFO - Saving hippodrome data
2025-04-06 00:26:45 - INFO - Saving reunion data
2025-04-06 00:26:45 - DEBUG - Attempting to call API for 25012025, R9
2025-04-06 00:26:45 - DEBUG - Response 200 for reunions [9] on 2025-01-25 00:24:27.076561
2025-04-06 00:26:45 - INFO - Saving reunion data
2025-04-06 00:26:45 - DEBUG - Attempting to call API for 25012025, R10
2025-04-06 00:26:46 - DEBUG - Response 200 for reunions [10] on 2025-01-25 00:24:27.076561
2025-04-06 00:26:46 - INFO - Saving reunion data
2025-04-06 00:26:46 - DEBUG - Attempting to call API for 25012025, R11
2025-04-06 00:26:51 - INFO - No more reunion [11] on 2025-01-25 00:24:27.076561 : 204
2025-04-06 00:26:51 - DEBUG - Attempting to call API for 26012025, R1
2025-04-06 00:26:52 - DEBUG - Response 200 for reunions [1] on 2025-01-26 00:24:27.076561
2025-04-06 00:26:52 - INFO - Saving reunion data
2025-04-06 00:26:52 - DEBUG - Attempting to call API for 26012025, R2
2025-04-06 00:26:53 - DEBUG - Response 200 for reunions [2] on 2025-01-26 00:24:27.076561
2025-04-06 00:26:53 - INFO - Saving reunion data
2025-04-06 00:26:53 - DEBUG - Attempting to call API for 26012025, R3
2025-04-06 00:26:53 - DEBUG - Response 200 for reunions [3] on 2025-01-26 00:24:27.076561
2025-04-06 00:26:53 - INFO - Saving reunion data
2025-04-06 00:26:53 - DEBUG - Attempting to call API for 26012025, R4
2025-04-06 00:26:54 - DEBUG - Response 200 for reunions [4] on 2025-01-26 00:24:27.076561
2025-04-06 00:26:54 - INFO - Saving reunion data
2025-04-06 00:26:54 - DEBUG - Attempting to call API for 26012025, R5
2025-04-06 00:26:54 - DEBUG - Response 200 for reunions [5] on 2025-01-26 00:24:27.076561
2025-04-06 00:26:54 - INFO - Saving reunion data
2025-04-06 00:26:54 - DEBUG - Attempting to call API for 26012025, R6
2025-04-06 00:26:55 - DEBUG - Response 200 for reunions [6] on 2025-01-26 00:24:27.076561
2025-04-06 00:26:55 - INFO - Saving reunion data
2025-04-06 00:26:55 - DEBUG - Attempting to call API for 26012025, R7
2025-04-06 00:26:55 - DEBUG - Response 200 for reunions [7] on 2025-01-26 00:24:27.076561
2025-04-06 00:26:55 - INFO - Saving hippodrome data
2025-04-06 00:26:55 - INFO - Saving reunion data
2025-04-06 00:26:55 - DEBUG - Attempting to call API for 26012025, R8
2025-04-06 00:26:56 - INFO - No more reunion [8] on 2025-01-26 00:24:27.076561 : 204
2025-04-06 00:26:56 - DEBUG - Attempting to call API for 27012025, R1
2025-04-06 00:26:56 - DEBUG - Response 200 for reunions [1] on 2025-01-27 00:24:27.076561
2025-04-06 00:26:56 - INFO - Saving reunion data
2025-04-06 00:26:56 - DEBUG - Attempting to call API for 27012025, R2
2025-04-06 00:26:57 - DEBUG - Response 200 for reunions [2] on 2025-01-27 00:24:27.076561
2025-04-06 00:26:57 - INFO - Saving reunion data
2025-04-06 00:26:57 - DEBUG - Attempting to call API for 27012025, R3
2025-04-06 00:26:57 - DEBUG - Response 200 for reunions [3] on 2025-01-27 00:24:27.076561
2025-04-06 00:26:57 - INFO - Saving reunion data
2025-04-06 00:26:57 - DEBUG - Attempting to call API for 27012025, R4
2025-04-06 00:26:58 - DEBUG - Response 200 for reunions [4] on 2025-01-27 00:24:27.076561
2025-04-06 00:26:58 - INFO - Saving reunion data
2025-04-06 00:26:58 - DEBUG - Attempting to call API for 27012025, R5
2025-04-06 00:27:03 - DEBUG - Response 200 for reunions [5] on 2025-01-27 00:24:27.076561
2025-04-06 00:27:03 - INFO - Saving reunion data
2025-04-06 00:27:03 - DEBUG - Attempting to call API for 27012025, R6
2025-04-06 00:27:04 - DEBUG - Response 200 for reunions [6] on 2025-01-27 00:24:27.076561
2025-04-06 00:27:04 - INFO - Saving reunion data
2025-04-06 00:27:04 - DEBUG - Attempting to call API for 27012025, R7
2025-04-06 00:27:04 - INFO - No more reunion [7] on 2025-01-27 00:24:27.076561 : 204
2025-04-06 00:27:04 - DEBUG - Attempting to call API for 28012025, R1
2025-04-06 00:27:05 - DEBUG - Response 200 for reunions [1] on 2025-01-28 00:24:27.076561
2025-04-06 00:27:05 - INFO - Saving reunion data
2025-04-06 00:27:05 - DEBUG - Attempting to call API for 28012025, R2
2025-04-06 00:27:05 - DEBUG - Response 200 for reunions [2] on 2025-01-28 00:24:27.076561
2025-04-06 00:27:05 - INFO - Saving reunion data
2025-04-06 00:27:05 - DEBUG - Attempting to call API for 28012025, R3
2025-04-06 00:27:06 - DEBUG - Response 200 for reunions [3] on 2025-01-28 00:24:27.076561
2025-04-06 00:27:06 - INFO - Saving reunion data
2025-04-06 00:27:06 - DEBUG - Attempting to call API for 28012025, R4
2025-04-06 00:27:07 - DEBUG - Response 200 for reunions [4] on 2025-01-28 00:24:27.076561
2025-04-06 00:27:07 - INFO - Saving reunion data
2025-04-06 00:27:07 - DEBUG - Attempting to call API for 28012025, R5
2025-04-06 00:27:07 - DEBUG - Response 200 for reunions [5] on 2025-01-28 00:24:27.076561
2025-04-06 00:27:07 - INFO - Saving reunion data
2025-04-06 00:27:07 - DEBUG - Attempting to call API for 28012025, R6
2025-04-06 00:27:08 - DEBUG - Response 200 for reunions [6] on 2025-01-28 00:24:27.076561
2025-04-06 00:27:08 - INFO - Saving reunion data
2025-04-06 00:27:08 - DEBUG - Attempting to call API for 28012025, R7
2025-04-06 00:27:08 - INFO - No more reunion [7] on 2025-01-28 00:24:27.076561 : 204
2025-04-06 00:27:08 - DEBUG - Attempting to call API for 29012025, R1
2025-04-06 00:27:09 - DEBUG - Response 200 for reunions [1] on 2025-01-29 00:24:27.076561
2025-04-06 00:27:09 - INFO - Saving reunion data
2025-04-06 00:27:09 - DEBUG - Attempting to call API for 29012025, R2
2025-04-06 00:27:09 - DEBUG - Response 200 for reunions [2] on 2025-01-29 00:24:27.076561
2025-04-06 00:27:09 - INFO - Saving reunion data
2025-04-06 00:27:09 - DEBUG - Attempting to call API for 29012025, R3
2025-04-06 00:27:10 - DEBUG - Response 200 for reunions [3] on 2025-01-29 00:24:27.076561
2025-04-06 00:27:10 - INFO - Saving reunion data
2025-04-06 00:27:10 - DEBUG - Attempting to call API for 29012025, R4
2025-04-06 00:27:10 - DEBUG - Response 200 for reunions [4] on 2025-01-29 00:24:27.076561
2025-04-06 00:27:10 - INFO - Saving reunion data
2025-04-06 00:27:10 - DEBUG - Attempting to call API for 29012025, R5
2025-04-06 00:27:11 - DEBUG - Response 200 for reunions [5] on 2025-01-29 00:24:27.076561
2025-04-06 00:27:11 - INFO - Saving reunion data
2025-04-06 00:27:11 - DEBUG - Attempting to call API for 29012025, R6
2025-04-06 00:27:12 - DEBUG - Response 200 for reunions [6] on 2025-01-29 00:24:27.076561
2025-04-06 00:27:12 - INFO - Saving reunion data
2025-04-06 00:27:12 - DEBUG - Attempting to call API for 29012025, R7
2025-04-06 00:27:12 - DEBUG - Response 200 for reunions [7] on 2025-01-29 00:24:27.076561
2025-04-06 00:27:12 - INFO - Saving reunion data
2025-04-06 00:27:12 - DEBUG - Attempting to call API for 29012025, R8
2025-04-06 00:27:13 - INFO - No more reunion [8] on 2025-01-29 00:24:27.076561 : 204
2025-04-06 00:27:13 - DEBUG - Attempting to call API for 30012025, R1
2025-04-06 00:27:14 - DEBUG - Response 200 for reunions [1] on 2025-01-30 00:24:27.076561
2025-04-06 00:27:14 - INFO - Saving reunion data
2025-04-06 00:27:14 - DEBUG - Attempting to call API for 30012025, R2
2025-04-06 00:27:14 - DEBUG - Response 200 for reunions [2] on 2025-01-30 00:24:27.076561
2025-04-06 00:27:14 - INFO - Saving hippodrome data
2025-04-06 00:27:14 - INFO - Saving reunion data
2025-04-06 00:27:14 - DEBUG - Attempting to call API for 30012025, R3
2025-04-06 00:27:15 - DEBUG - Response 200 for reunions [3] on 2025-01-30 00:24:27.076561
2025-04-06 00:27:15 - INFO - Saving reunion data
2025-04-06 00:27:15 - DEBUG - Attempting to call API for 30012025, R4
2025-04-06 00:27:15 - DEBUG - Response 200 for reunions [4] on 2025-01-30 00:24:27.076561
2025-04-06 00:27:15 - INFO - Saving reunion data
2025-04-06 00:27:15 - DEBUG - Attempting to call API for 30012025, R5
2025-04-06 00:27:16 - DEBUG - Response 200 for reunions [5] on 2025-01-30 00:24:27.076561
2025-04-06 00:27:16 - INFO - Saving reunion data
2025-04-06 00:27:16 - DEBUG - Attempting to call API for 30012025, R6
2025-04-06 00:27:16 - DEBUG - Response 200 for reunions [6] on 2025-01-30 00:24:27.076561
2025-04-06 00:27:16 - INFO - Saving reunion data
2025-04-06 00:27:16 - DEBUG - Attempting to call API for 30012025, R7
2025-04-06 00:27:17 - INFO - No more reunion [7] on 2025-01-30 00:24:27.076561 : 204
2025-04-06 00:27:17 - DEBUG - Attempting to call API for 31012025, R1
2025-04-06 00:27:17 - DEBUG - Response 200 for reunions [1] on 2025-01-31 00:24:27.076561
2025-04-06 00:27:17 - INFO - Saving reunion data
2025-04-06 00:27:17 - DEBUG - Attempting to call API for 31012025, R2
2025-04-06 00:27:18 - DEBUG - Response 200 for reunions [2] on 2025-01-31 00:24:27.076561
2025-04-06 00:27:18 - INFO - Saving reunion data
2025-04-06 00:27:18 - DEBUG - Attempting to call API for 31012025, R3
2025-04-06 00:27:18 - DEBUG - Response 200 for reunions [3] on 2025-01-31 00:24:27.076561
2025-04-06 00:27:18 - INFO - Saving reunion data
2025-04-06 00:27:19 - DEBUG - Attempting to call API for 31012025, R4
2025-04-06 00:27:19 - DEBUG - Response 200 for reunions [4] on 2025-01-31 00:24:27.076561
2025-04-06 00:27:19 - INFO - Saving reunion data
2025-04-06 00:27:19 - DEBUG - Attempting to call API for 31012025, R5
2025-04-06 00:27:20 - DEBUG - Response 200 for reunions [5] on 2025-01-31 00:24:27.076561
2025-04-06 00:27:20 - INFO - Saving reunion data
2025-04-06 00:27:20 - DEBUG - Attempting to call API for 31012025, R6
2025-04-06 00:27:20 - DEBUG - Response 200 for reunions [6] on 2025-01-31 00:24:27.076561
2025-04-06 00:27:20 - INFO - Saving reunion data
2025-04-06 00:27:20 - DEBUG - Attempting to call API for 31012025, R7
2025-04-06 00:27:21 - DEBUG - Response 200 for reunions [7] on 2025-01-31 00:24:27.076561
2025-04-06 00:27:21 - INFO - Saving reunion data
2025-04-06 00:27:21 - DEBUG - Attempting to call API for 31012025, R8
2025-04-06 00:27:21 - INFO - No more reunion [8] on 2025-01-31 00:24:27.076561 : 204
2025-04-06 00:27:21 - DEBUG - Attempting to call API for 01022025, R1
2025-04-06 00:27:22 - DEBUG - Response 200 for reunions [1] on 2025-02-01 00:24:27.076561
2025-04-06 00:27:22 - INFO - Saving reunion data
2025-04-06 00:27:22 - DEBUG - Attempting to call API for 01022025, R2
2025-04-06 00:27:22 - DEBUG - Response 200 for reunions [2] on 2025-02-01 00:24:27.076561
2025-04-06 00:27:22 - INFO - Saving hippodrome data
2025-04-06 00:27:22 - INFO - Saving reunion data
2025-04-06 00:27:22 - DEBUG - Attempting to call API for 01022025, R3
2025-04-06 00:27:23 - DEBUG - Response 200 for reunions [3] on 2025-02-01 00:24:27.076561
2025-04-06 00:27:23 - INFO - Saving reunion data
2025-04-06 00:27:23 - DEBUG - Attempting to call API for 01022025, R4
2025-04-06 00:27:23 - DEBUG - Response 200 for reunions [4] on 2025-02-01 00:24:27.076561
2025-04-06 00:27:23 - INFO - Saving reunion data
2025-04-06 00:27:23 - DEBUG - Attempting to call API for 01022025, R5
2025-04-06 00:27:24 - DEBUG - Response 200 for reunions [5] on 2025-02-01 00:24:27.076561
2025-04-06 00:27:24 - INFO - Saving reunion data
2025-04-06 00:27:24 - DEBUG - Attempting to call API for 01022025, R6
2025-04-06 00:27:24 - DEBUG - Response 200 for reunions [6] on 2025-02-01 00:24:27.076561
2025-04-06 00:27:24 - INFO - Saving reunion data
2025-04-06 00:27:24 - DEBUG - Attempting to call API for 01022025, R7
2025-04-06 00:27:25 - DEBUG - Response 200 for reunions [7] on 2025-02-01 00:24:27.076561
2025-04-06 00:27:25 - INFO - Saving hippodrome data
2025-04-06 00:27:25 - INFO - Saving reunion data
2025-04-06 00:27:25 - DEBUG - Attempting to call API for 01022025, R8
2025-04-06 00:27:25 - DEBUG - Response 200 for reunions [8] on 2025-02-01 00:24:27.076561
2025-04-06 00:27:25 - INFO - Saving pays data
2025-04-06 00:27:25 - INFO - Saving hippodrome data
2025-04-06 00:27:25 - INFO - Saving reunion data
2025-04-06 00:27:25 - DEBUG - Attempting to call API for 01022025, R9
2025-04-06 00:27:26 - INFO - No more reunion [9] on 2025-02-01 00:24:27.076561 : 204
2025-04-06 00:27:26 - DEBUG - Attempting to call API for 02022025, R1
2025-04-06 00:27:26 - DEBUG - Response 200 for reunions [1] on 2025-02-02 00:24:27.076561
2025-04-06 00:27:26 - INFO - Saving reunion data
2025-04-06 00:27:26 - DEBUG - Attempting to call API for 02022025, R2
2025-04-06 00:27:27 - DEBUG - Response 200 for reunions [2] on 2025-02-02 00:24:27.076561
2025-04-06 00:27:27 - INFO - Saving reunion data
2025-04-06 00:27:27 - DEBUG - Attempting to call API for 02022025, R3
2025-04-06 00:27:27 - DEBUG - Response 200 for reunions [3] on 2025-02-02 00:24:27.076561
2025-04-06 00:27:27 - INFO - Saving reunion data
2025-04-06 00:27:27 - DEBUG - Attempting to call API for 02022025, R4
2025-04-06 00:27:28 - DEBUG - Response 200 for reunions [4] on 2025-02-02 00:24:27.076561
2025-04-06 00:27:28 - INFO - Saving reunion data
2025-04-06 00:27:28 - DEBUG - Attempting to call API for 02022025, R5
2025-04-06 00:27:28 - DEBUG - Response 200 for reunions [5] on 2025-02-02 00:24:27.076561
2025-04-06 00:27:28 - INFO - Saving reunion data
2025-04-06 00:27:28 - DEBUG - Attempting to call API for 02022025, R6
2025-04-06 00:27:29 - DEBUG - Response 200 for reunions [6] on 2025-02-02 00:24:27.076561
2025-04-06 00:27:29 - INFO - Saving reunion data
2025-04-06 00:27:29 - DEBUG - Attempting to call API for 02022025, R7
2025-04-06 00:27:29 - DEBUG - Response 200 for reunions [7] on 2025-02-02 00:24:27.076561
2025-04-06 00:27:29 - INFO - Saving reunion data
2025-04-06 00:27:29 - DEBUG - Attempting to call API for 02022025, R8
2025-04-06 00:27:30 - DEBUG - Response 200 for reunions [8] on 2025-02-02 00:24:27.076561
2025-04-06 00:27:30 - INFO - Saving reunion data
2025-04-06 00:27:30 - DEBUG - Attempting to call API for 02022025, R9
2025-04-06 00:27:30 - DEBUG - Response 200 for reunions [9] on 2025-02-02 00:24:27.076561
2025-04-06 00:27:30 - INFO - Saving reunion data
2025-04-06 00:27:30 - DEBUG - Attempting to call API for 02022025, R10
2025-04-06 00:27:31 - DEBUG - Response 200 for reunions [10] on 2025-02-02 00:24:27.076561
2025-04-06 00:27:31 - INFO - Saving hippodrome data
2025-04-06 00:27:31 - INFO - Saving reunion data
2025-04-06 00:27:31 - DEBUG - Attempting to call API for 02022025, R11
2025-04-06 00:27:31 - INFO - No more reunion [11] on 2025-02-02 00:24:27.076561 : 204
2025-04-06 00:27:31 - DEBUG - Attempting to call API for 03022025, R1
2025-04-06 00:27:32 - DEBUG - Response 200 for reunions [1] on 2025-02-03 00:24:27.076561
2025-04-06 00:27:32 - INFO - Saving reunion data
2025-04-06 00:27:32 - DEBUG - Attempting to call API for 03022025, R2
2025-04-06 00:27:32 - DEBUG - Response 200 for reunions [2] on 2025-02-03 00:24:27.076561
2025-04-06 00:27:32 - INFO - Saving hippodrome data
2025-04-06 00:27:32 - INFO - Saving reunion data
2025-04-06 00:27:32 - DEBUG - Attempting to call API for 03022025, R3
2025-04-06 00:27:33 - DEBUG - Response 200 for reunions [3] on 2025-02-03 00:24:27.076561
2025-04-06 00:27:33 - INFO - Saving reunion data
2025-04-06 00:27:33 - DEBUG - Attempting to call API for 03022025, R4
2025-04-06 00:27:33 - DEBUG - Response 200 for reunions [4] on 2025-02-03 00:24:27.076561
2025-04-06 00:27:33 - INFO - Saving reunion data
2025-04-06 00:27:33 - DEBUG - Attempting to call API for 03022025, R5
2025-04-06 00:27:34 - DEBUG - Response 200 for reunions [5] on 2025-02-03 00:24:27.076561
2025-04-06 00:27:34 - INFO - Saving hippodrome data
2025-04-06 00:27:34 - INFO - Saving reunion data
2025-04-06 00:27:34 - DEBUG - Attempting to call API for 03022025, R6
2025-04-06 00:27:34 - DEBUG - Response 200 for reunions [6] on 2025-02-03 00:24:27.076561
2025-04-06 00:27:34 - INFO - Saving reunion data
2025-04-06 00:27:34 - DEBUG - Attempting to call API for 03022025, R7
2025-04-06 00:27:35 - INFO - No more reunion [7] on 2025-02-03 00:24:27.076561 : 204
2025-04-06 00:27:35 - DEBUG - Attempting to call API for 04022025, R1
2025-04-06 00:27:35 - DEBUG - Response 200 for reunions [1] on 2025-02-04 00:24:27.076561
2025-04-06 00:27:35 - INFO - Saving reunion data
2025-04-06 00:27:35 - DEBUG - Attempting to call API for 04022025, R2
2025-04-06 00:27:36 - DEBUG - Response 200 for reunions [2] on 2025-02-04 00:24:27.076561
2025-04-06 00:27:36 - INFO - Saving reunion data
2025-04-06 00:27:36 - DEBUG - Attempting to call API for 04022025, R3
2025-04-06 00:27:36 - DEBUG - Response 200 for reunions [3] on 2025-02-04 00:24:27.076561
2025-04-06 00:27:36 - INFO - Saving reunion data
2025-04-06 00:27:36 - DEBUG - Attempting to call API for 04022025, R4
2025-04-06 00:27:37 - DEBUG - Response 200 for reunions [4] on 2025-02-04 00:24:27.076561
2025-04-06 00:27:37 - INFO - Saving reunion data
2025-04-06 00:27:37 - DEBUG - Attempting to call API for 04022025, R5
2025-04-06 00:27:37 - DEBUG - Response 200 for reunions [5] on 2025-02-04 00:24:27.076561
2025-04-06 00:27:37 - INFO - Saving reunion data
2025-04-06 00:27:38 - DEBUG - Attempting to call API for 04022025, R6
2025-04-06 00:27:38 - DEBUG - Response 200 for reunions [6] on 2025-02-04 00:24:27.076561
2025-04-06 00:27:38 - INFO - Saving reunion data
2025-04-06 00:27:38 - DEBUG - Attempting to call API for 04022025, R7
2025-04-06 00:27:39 - DEBUG - Response 200 for reunions [7] on 2025-02-04 00:24:27.076561
2025-04-06 00:27:39 - INFO - Saving reunion data
2025-04-06 00:27:39 - DEBUG - Attempting to call API for 04022025, R8
2025-04-06 00:27:39 - INFO - No more reunion [8] on 2025-02-04 00:24:27.076561 : 204
2025-04-06 00:27:39 - DEBUG - Attempting to call API for 05022025, R1
2025-04-06 00:27:40 - DEBUG - Response 200 for reunions [1] on 2025-02-05 00:24:27.076561
2025-04-06 00:27:40 - INFO - Saving reunion data
2025-04-06 00:27:40 - DEBUG - Attempting to call API for 05022025, R2
2025-04-06 00:27:45 - DEBUG - Response 200 for reunions [2] on 2025-02-05 00:24:27.076561
2025-04-06 00:27:45 - INFO - Saving reunion data
2025-04-06 00:27:45 - DEBUG - Attempting to call API for 05022025, R3
2025-04-06 00:27:46 - DEBUG - Response 200 for reunions [3] on 2025-02-05 00:24:27.076561
2025-04-06 00:27:46 - INFO - Saving reunion data
2025-04-06 00:27:46 - DEBUG - Attempting to call API for 05022025, R4
2025-04-06 00:27:51 - DEBUG - Response 200 for reunions [4] on 2025-02-05 00:24:27.076561
2025-04-06 00:27:51 - INFO - Saving hippodrome data
2025-04-06 00:27:52 - INFO - Saving reunion data
2025-04-06 00:27:52 - DEBUG - Attempting to call API for 05022025, R5
2025-04-06 00:27:52 - DEBUG - Response 200 for reunions [5] on 2025-02-05 00:24:27.076561
2025-04-06 00:27:52 - INFO - Saving reunion data
2025-04-06 00:27:52 - DEBUG - Attempting to call API for 05022025, R6
2025-04-06 00:27:52 - DEBUG - Response 200 for reunions [6] on 2025-02-05 00:24:27.076561
2025-04-06 00:27:52 - INFO - Saving reunion data
2025-04-06 00:27:52 - DEBUG - Attempting to call API for 05022025, R7
2025-04-06 00:27:53 - DEBUG - Response 200 for reunions [7] on 2025-02-05 00:24:27.076561
2025-04-06 00:27:53 - INFO - Saving reunion data
2025-04-06 00:27:53 - DEBUG - Attempting to call API for 05022025, R8
2025-04-06 00:27:53 - DEBUG - Response 200 for reunions [8] on 2025-02-05 00:24:27.076561
2025-04-06 00:27:53 - INFO - Saving reunion data
2025-04-06 00:27:53 - DEBUG - Attempting to call API for 05022025, R9
2025-04-06 00:27:54 - INFO - No more reunion [9] on 2025-02-05 00:24:27.076561 : 204
2025-04-06 00:27:54 - DEBUG - Attempting to call API for 06022025, R1
2025-04-06 00:27:54 - DEBUG - Response 200 for reunions [1] on 2025-02-06 00:24:27.076561
2025-04-06 00:27:54 - INFO - Saving reunion data
2025-04-06 00:27:54 - DEBUG - Attempting to call API for 06022025, R2
2025-04-06 00:27:55 - DEBUG - Response 200 for reunions [2] on 2025-02-06 00:24:27.076561
2025-04-06 00:27:55 - INFO - Saving reunion data
2025-04-06 00:27:55 - DEBUG - Attempting to call API for 06022025, R3
2025-04-06 00:27:55 - DEBUG - Response 200 for reunions [3] on 2025-02-06 00:24:27.076561
2025-04-06 00:27:55 - INFO - Saving hippodrome data
2025-04-06 00:27:55 - INFO - Saving reunion data
2025-04-06 00:27:55 - DEBUG - Attempting to call API for 06022025, R4
2025-04-06 00:27:56 - DEBUG - Response 200 for reunions [4] on 2025-02-06 00:24:27.076561
2025-04-06 00:27:56 - INFO - Saving reunion data
2025-04-06 00:27:56 - DEBUG - Attempting to call API for 06022025, R5
2025-04-06 00:27:57 - DEBUG - Response 200 for reunions [5] on 2025-02-06 00:24:27.076561
2025-04-06 00:27:57 - INFO - Saving hippodrome data
2025-04-06 00:27:57 - INFO - Saving reunion data
2025-04-06 00:27:57 - DEBUG - Attempting to call API for 06022025, R6
2025-04-06 00:27:57 - DEBUG - Response 200 for reunions [6] on 2025-02-06 00:24:27.076561
2025-04-06 00:27:57 - INFO - Saving reunion data
2025-04-06 00:27:57 - DEBUG - Attempting to call API for 06022025, R7
2025-04-06 00:27:58 - DEBUG - Response 200 for reunions [7] on 2025-02-06 00:24:27.076561
2025-04-06 00:27:58 - INFO - Saving reunion data
2025-04-06 00:27:58 - DEBUG - Attempting to call API for 06022025, R8
2025-04-06 00:27:58 - INFO - No more reunion [8] on 2025-02-06 00:24:27.076561 : 204
2025-04-06 00:27:58 - DEBUG - Attempting to call API for 07022025, R1
2025-04-06 00:27:58 - DEBUG - Response 200 for reunions [1] on 2025-02-07 00:24:27.076561
2025-04-06 00:27:58 - INFO - Saving reunion data
2025-04-06 00:27:58 - DEBUG - Attempting to call API for 07022025, R2
2025-04-06 00:27:59 - DEBUG - Response 200 for reunions [2] on 2025-02-07 00:24:27.076561
2025-04-06 00:27:59 - INFO - Saving reunion data
2025-04-06 00:27:59 - DEBUG - Attempting to call API for 07022025, R3
2025-04-06 00:27:59 - DEBUG - Response 200 for reunions [3] on 2025-02-07 00:24:27.076561
2025-04-06 00:27:59 - INFO - Saving reunion data
2025-04-06 00:27:59 - DEBUG - Attempting to call API for 07022025, R4
2025-04-06 00:28:00 - DEBUG - Response 200 for reunions [4] on 2025-02-07 00:24:27.076561
2025-04-06 00:28:00 - INFO - Saving reunion data
2025-04-06 00:28:00 - DEBUG - Attempting to call API for 07022025, R5
2025-04-06 00:28:00 - DEBUG - Response 200 for reunions [5] on 2025-02-07 00:24:27.076561
2025-04-06 00:28:01 - INFO - Saving reunion data
2025-04-06 00:28:01 - DEBUG - Attempting to call API for 07022025, R6
2025-04-06 00:28:01 - DEBUG - Response 200 for reunions [6] on 2025-02-07 00:24:27.076561
2025-04-06 00:28:01 - INFO - Saving reunion data
2025-04-06 00:28:01 - DEBUG - Attempting to call API for 07022025, R7
2025-04-06 00:28:01 - DEBUG - Response 200 for reunions [7] on 2025-02-07 00:24:27.076561
2025-04-06 00:28:02 - INFO - Saving reunion data
2025-04-06 00:28:02 - DEBUG - Attempting to call API for 07022025, R8
2025-04-06 00:28:02 - INFO - No more reunion [8] on 2025-02-07 00:24:27.076561 : 204
2025-04-06 00:28:02 - DEBUG - Attempting to call API for 08022025, R1
2025-04-06 00:28:03 - DEBUG - Response 200 for reunions [1] on 2025-02-08 00:24:27.076561
2025-04-06 00:28:03 - INFO - Saving reunion data
2025-04-06 00:28:03 - DEBUG - Attempting to call API for 08022025, R2
2025-04-06 00:28:03 - DEBUG - Response 200 for reunions [2] on 2025-02-08 00:24:27.076561
2025-04-06 00:28:03 - INFO - Saving reunion data
2025-04-06 00:28:03 - DEBUG - Attempting to call API for 08022025, R3
2025-04-06 00:28:09 - DEBUG - Response 200 for reunions [3] on 2025-02-08 00:24:27.076561
2025-04-06 00:28:09 - INFO - Saving reunion data
2025-04-06 00:28:09 - DEBUG - Attempting to call API for 08022025, R4
2025-04-06 00:28:09 - DEBUG - Response 200 for reunions [4] on 2025-02-08 00:24:27.076561
2025-04-06 00:28:09 - INFO - Saving reunion data
2025-04-06 00:28:09 - DEBUG - Attempting to call API for 08022025, R5
2025-04-06 00:28:10 - DEBUG - Response 200 for reunions [5] on 2025-02-08 00:24:27.076561
2025-04-06 00:28:10 - INFO - Saving reunion data
2025-04-06 00:28:10 - DEBUG - Attempting to call API for 08022025, R6
2025-04-06 00:28:10 - DEBUG - Response 200 for reunions [6] on 2025-02-08 00:24:27.076561
2025-04-06 00:28:10 - INFO - Saving reunion data
2025-04-06 00:28:10 - DEBUG - Attempting to call API for 08022025, R7
2025-04-06 00:28:11 - DEBUG - Response 200 for reunions [7] on 2025-02-08 00:24:27.076561
2025-04-06 00:28:11 - INFO - Saving reunion data
2025-04-06 00:28:11 - DEBUG - Attempting to call API for 08022025, R8
2025-04-06 00:28:11 - INFO - No more reunion [8] on 2025-02-08 00:24:27.076561 : 204
2025-04-06 00:28:11 - DEBUG - Attempting to call API for 09022025, R1
2025-04-06 00:28:12 - DEBUG - Response 200 for reunions [1] on 2025-02-09 00:24:27.076561
2025-04-06 00:28:12 - INFO - Saving reunion data
2025-04-06 00:28:12 - DEBUG - Attempting to call API for 09022025, R2
2025-04-06 00:28:12 - DEBUG - Response 200 for reunions [2] on 2025-02-09 00:24:27.076561
2025-04-06 00:28:12 - INFO - Saving reunion data
2025-04-06 00:28:12 - DEBUG - Attempting to call API for 09022025, R3
2025-04-06 00:28:13 - DEBUG - Response 200 for reunions [3] on 2025-02-09 00:24:27.076561
2025-04-06 00:28:13 - INFO - Saving reunion data
2025-04-06 00:28:13 - DEBUG - Attempting to call API for 09022025, R4
2025-04-06 00:28:13 - DEBUG - Response 200 for reunions [4] on 2025-02-09 00:24:27.076561
2025-04-06 00:28:14 - INFO - Saving reunion data
2025-04-06 00:28:14 - DEBUG - Attempting to call API for 09022025, R5
2025-04-06 00:28:14 - DEBUG - Response 200 for reunions [5] on 2025-02-09 00:24:27.076561
2025-04-06 00:28:14 - INFO - Saving reunion data
2025-04-06 00:28:14 - DEBUG - Attempting to call API for 09022025, R6
2025-04-06 00:28:15 - DEBUG - Response 200 for reunions [6] on 2025-02-09 00:24:27.076561
2025-04-06 00:28:15 - INFO - Saving reunion data
2025-04-06 00:28:15 - DEBUG - Attempting to call API for 09022025, R7
2025-04-06 00:28:15 - DEBUG - Response 200 for reunions [7] on 2025-02-09 00:24:27.076561
2025-04-06 00:28:15 - INFO - Saving reunion data
2025-04-06 00:28:15 - DEBUG - Attempting to call API for 09022025, R8
2025-04-06 00:28:16 - DEBUG - Response 200 for reunions [8] on 2025-02-09 00:24:27.076561
2025-04-06 00:28:16 - INFO - Saving hippodrome data
2025-04-06 00:28:16 - INFO - Saving reunion data
2025-04-06 00:28:16 - DEBUG - Attempting to call API for 09022025, R9
2025-04-06 00:28:16 - DEBUG - Response 200 for reunions [9] on 2025-02-09 00:24:27.076561
2025-04-06 00:28:16 - INFO - Saving reunion data
2025-04-06 00:28:16 - DEBUG - Attempting to call API for 09022025, R10
2025-04-06 00:28:17 - DEBUG - Response 200 for reunions [10] on 2025-02-09 00:24:27.076561
2025-04-06 00:28:17 - INFO - Saving hippodrome data
2025-04-06 00:28:17 - INFO - Saving reunion data
2025-04-06 00:28:17 - DEBUG - Attempting to call API for 09022025, R11
2025-04-06 00:28:18 - DEBUG - Response 200 for reunions [11] on 2025-02-09 00:24:27.076561
2025-04-06 00:28:18 - INFO - Saving reunion data
2025-04-06 00:28:18 - DEBUG - Attempting to call API for 09022025, R12
2025-04-06 00:28:18 - DEBUG - Response 200 for reunions [12] on 2025-02-09 00:24:27.076561
2025-04-06 00:28:18 - ERROR - Erreur lors de l'import initial des données: 'prochaineCourse' is an invalid keyword argument for PmuReunion
